0 info it worked if it ends with ok
1 verbose cli [ 'C:\\Program Files\\nodejs\\node.exe',
1 verbose cli   'C:\\Users\\lbello\\AppData\\Roaming\\npm\\node_modules\\npm\\bin\\npm-cli.js',
1 verbose cli   'start' ]
2 info using npm@3.9.5
3 info using node@v5.3.0
4 verbose run-script [ 'prestart', 'start', 'poststart' ]
5 info lifecycle angular2-quickstart@1.0.0~prestart: angular2-quickstart@1.0.0
6 silly lifecycle angular2-quickstart@1.0.0~prestart: no script for prestart, continuing
7 info lifecycle angular2-quickstart@1.0.0~start: angular2-quickstart@1.0.0
8 verbose lifecycle angular2-quickstart@1.0.0~start: unsafe-perm in lifecycle true
9 verbose lifecycle angular2-quickstart@1.0.0~start: PATH: C:\Users\lbello\AppData\Roaming\npm\node_modules\npm\bin\node-gyp-bin;C:\Users\lbello\Documents\Moonshot\angular2-playground\node_modules\.bin;C:\Program Files\nodejs;C:\Users\lbello\bin;C:\Program Files\Git\mingw64\bin;C:\Program Files\Git\usr\local\bin;C:\Program Files\Git\usr\bin;C:\Program Files\Git\usr\bin;C:\Program Files\Git\mingw64\bin;C:\Program Files\Git\usr\bin;C:\Users\lbello\bin;C:\Ruby21-x64\bin;C:\Program Files (x86)\Intel\iCLS Client;C:\Program Files\Intel\iCLS Client;C:\Program Files\Dell\DW WLAN Card;C:\Windows\system32;C:\Windows;C:\Windows\System32\Wbem;C:\Windows\System32\WindowsPowerShell\v1.0;C:\Program Files (x86)\Intel\OpenCL SDK\3.0\bin\x86;C:\Program Files (x86)\Intel\OpenCL SDK\3.0\bin\x64;C:\Program Files\Intel\Intel(R) Management Engine Components\DAL;C:\Program Files\Intel\Intel(R) Management Engine Components\IPT;C:\Program Files (x86)\Intel\Intel(R) Management Engine Components\DAL;C:\Program Files (x86)\Intel\Intel(R) Management Engine Components\IPT;C:\Program Files (x86)\Microsoft SQL Server\100\Tools\Binn\VSShell\Common7\IDE;C:\Program Files (x86)\Microsoft SQL Server\100\Tools\Binn;C:\Program Files\Microsoft SQL Server\100\Tools\Binn;C:\Program Files (x86)\Microsoft SQL Server\100\DTS\Binn;C:\Program Files\Java\jre8\bin;C:\Python27\Scripts;C:\Program Files (x86)\ChromeDriver;C:\Python27;C:\Program Files\Java\jdk1.8.0_05\bin;C:\Program Files (x86)\apache-maven-3.2.2\bin;C:\Program Files\Microsoft SQL Server\110\Tools\Binn;C:\Program Files (x86)\Microsoft SDKs\TypeScript\1.0;C:\Users\lbello\AppData\Local\Android\sdk\tools;C:\Users\lbello\AppData\Local\Android\sdk\platform-tools;C:\Users\lbello\workspace;C:\Program Files\Microsoft SQL Server\120\Tools\Binn;C:\Program Files\nodejs;C:\Program Files\Git\cmd;C:\Program Files\Microsoft\Web Platform Installer;C:\Program Files (x86)\Microsoft SQL Server\Client SDK\ODBC\110\Tools\Binn;C:\Program Files (x86)\Microsoft SQL Server\130\DTS\Binn;C:\Program Files (x86)\Microsoft SQL Server\130\Tools\Binn\ManagementStudio;C:\Program Files (x86)\Microsoft SQL Server\130\Tools\Binn;C:\Program Files (x86)\Windows Kits\8.1\Windows Performance Toolkit;C:\Windows\System32\WindowsPowerShell\v1.0;C:\Program Files (x86)\Meld\Meld.exe;C:\Program Files (x86)\LINQPad4;C:\Program Files\Microsoft SQL Server\130\Tools\Binn;C:\Program Files (x86)\Brackets\command;C:\Users\lbello\.dnx\bin;C:\Users\lbello\AppData\Local\Continuum\Anaconda;C:\Users\lbello\AppData\Local\Continuum\Anaconda\Scripts;C:\Program Files (x86)\Google\google_appengine;C:\Users\lbello\AppData\Roaming\npm;C:\Program Files\Git\usr\bin\vendor_perl;C:\Program Files\Git\usr\bin\core_perl
10 verbose lifecycle angular2-quickstart@1.0.0~start: CWD: C:\Users\lbello\Documents\Moonshot\angular2-playground
11 silly lifecycle angular2-quickstart@1.0.0~start: Args: [ '/d /s /c', 'tsc && concurrently "tsc -w" "lite-server" ' ]
12 silly lifecycle angular2-quickstart@1.0.0~start: Returned: code: 2  signal: null
13 info lifecycle angular2-quickstart@1.0.0~start: Failed to exec start script
14 verbose stack Error: angular2-quickstart@1.0.0 start: `tsc && concurrently "tsc -w" "lite-server" `
14 verbose stack Exit status 2
14 verbose stack     at EventEmitter.<anonymous> (C:\Users\lbello\AppData\Roaming\npm\node_modules\npm\lib\utils\lifecycle.js:245:16)
14 verbose stack     at emitTwo (events.js:87:13)
14 verbose stack     at EventEmitter.emit (events.js:172:7)
14 verbose stack     at ChildProcess.<anonymous> (C:\Users\lbello\AppData\Roaming\npm\node_modules\npm\lib\utils\spawn.js:24:14)
14 verbose stack     at emitTwo (events.js:87:13)
14 verbose stack     at ChildProcess.emit (events.js:172:7)
14 verbose stack     at maybeClose (internal/child_process.js:818:16)
14 verbose stack     at Process.ChildProcess._handle.onexit (internal/child_process.js:211:5)
15 verbose pkgid angular2-quickstart@1.0.0
16 verbose cwd C:\Users\lbello\Documents\Moonshot\angular2-playground
17 error Windows_NT 6.1.7601
18 error argv "C:\\Program Files\\nodejs\\node.exe" "C:\\Users\\lbello\\AppData\\Roaming\\npm\\node_modules\\npm\\bin\\npm-cli.js" "start"
19 error node v5.3.0
20 error npm  v3.9.5
21 error code ELIFECYCLE
22 error angular2-quickstart@1.0.0 start: `tsc && concurrently "tsc -w" "lite-server" `
22 error Exit status 2
23 error Failed at the angular2-quickstart@1.0.0 start script 'tsc && concurrently "tsc -w" "lite-server" '.
23 error Make sure you have the latest version of node.js and npm installed.
23 error If you do, this is most likely a problem with the angular2-quickstart package,
23 error not with npm itself.
23 error Tell the author that this fails on your system:
23 error     tsc && concurrently "tsc -w" "lite-server"
23 error You can get information on how to open an issue for this project with:
23 error     npm bugs angular2-quickstart
23 error Or if that isn't available, you can get their info via:
23 error     npm owner ls angular2-quickstart
23 error There is likely additional logging output above.
24 verbose exit [ 1, true ]
